<?xml version="1.0" encoding="UTF-8"?>
<!-- Generated by org.testng.reporters.JUnitReportReporter -->
<testsuite skipped="0" hostname="DESKTOP-A65JLV2" name="com.basics.tests.TestGroup2" tests="1" failures="0" timestamp="31 三月 2019 11:46:48 GMT" time="0.000" errors="0">
  <testcase name="testG" time="0.000" classname="com.basics.tests.TestGroup2"/>
</testsuite> <!-- com.basics.tests.TestGroup2 -->
