<?xml version="1.0" encoding="UTF-8"?>
<!-- Generated by org.testng.reporters.JUnitReportReporter -->
<testsuite skipped="0" hostname="DESKTOP-A65JLV2" name="com.basics.tests.TestGroup" tests="2" failures="0" timestamp="31 三月 2019 11:46:48 GMT" time="0.006" errors="0">
  <testcase name="groupA002" time="0.001" classname="com.basics.tests.TestGroup"/>
  <testcase name="groupA001" time="0.005" classname="com.basics.tests.TestGroup"/>
</testsuite> <!-- com.basics.tests.TestGroup -->
